Linux 6.8.0-71-generic (node3.kvsrun.utah-cs6450-pg0.utah.cloudlab.us) 	09/06/2025 	_x86_64_	(16 CPU)

02:02:44 AM kbmemfree   kbavail kbmemused  %memused kbbuffers  kbcached  kbcommit   %commit  kbactive   kbinact   kbdirty
02:02:45 AM  63881116  64303000    590204      0.90     63548    938136    711484      0.96    309784    790068       568
02:02:46 AM  63807732  64229640    661068      1.01     63548    938136    799216      1.08    376636    790068        12
02:02:47 AM  63781204  64203120    687492      1.05     63556    938136    812512      1.10    398208    790076        72
02:02:48 AM  63763836  64185752    704908      1.07     63556    938136    825448      1.11    406632    790076        72
02:02:49 AM  63747112  64169028    721632      1.10     63556    938136    834024      1.13    419012    790076        72
02:02:50 AM  63737012  64158928    731604      1.11     63556    938136    850796      1.15    422932    790076        72
02:02:51 AM  63726952  64148956    741624      1.13     63556    938224    854892      1.15    431160    790076        52
02:02:52 AM  63717548  64139552    751012      1.14     63556    938224    859244      1.16    437132    790076        32
02:02:53 AM  63709504  64131508    759072      1.16     63556    938224    867756      1.17    443584    790076        32
02:02:54 AM  63706568  64128572    761928      1.16     63556    938224    872564      1.18    446504    790076        32
02:02:55 AM  63701436  64123444    767088      1.17     63556    938228    872564      1.18    450220    790080        36
02:02:56 AM  63700848  64122856    767724      1.17     63556    938228    876660      1.18    452432    790080        12
02:02:57 AM  63696208  64118216    772252      1.18     63556    938228    884852      1.19    457764    790080        32
02:02:58 AM  63693432  64115440    775300      1.18     63556    938228    884852      1.19    459264    790080        32
02:02:59 AM  63687112  64109124    781488      1.19     63556    938232    888948      1.20    462872    790084        36
02:03:00 AM  63685812  64107824    782772      1.19     63556    938232    893236      1.21    467340    790084        36
02:03:01 AM  63684880  64106892    783800      1.19     63556    938232    893236      1.21    467688    790084        12
02:03:02 AM  63681288  64103300    787344      1.20     63556    938232    893236      1.21    471228    790084        32
02:03:03 AM  63671276  64093288    797212      1.21     63556    938232    905852      1.22    479208    790084        20
02:03:04 AM  63670140  64092152    798476      1.22     63556    938232    906108      1.22    481608    790084        20
02:03:05 AM  63670120  64092132    798436      1.22     63556    938236    906108      1.22    481848    790084        24
02:03:06 AM  63662884  64084900    805656      1.23     63556    938236    910204      1.23    484748    790088         0
02:03:07 AM  63662380  64084396    806256      1.23     63556    938236    910204      1.23    484928    790088        20
02:03:08 AM  63660240  64082256    808344      1.23     63556    938236    913308      1.23    486444    790088        20
02:03:09 AM  63659652  64081668    808916      1.23     63556    938236    910332      1.23    487884    790088       192
02:03:10 AM  63659956  64081972    808452      1.23     63556    938236    910332      1.23    488004    790088       192
02:03:11 AM  63657164  64079180    811256      1.23     63556    938236    914428      1.23    488676    790088       172
02:03:12 AM  63659436  64081452    809060      1.23     63556    938240    914428      1.23    488916    790088       196
02:03:13 AM  63663404  64085388    808180      1.23     63556    938240    914428      1.23    489392    790092       196
02:03:14 AM  63664480  64086464    807096      1.23     63564    938240    913480      1.23    489092    790092        44
Average:     63702358  64124347    766522      1.17     63556    938213    876824      1.18    453705    790082        78
