Linux 6.8.0-71-generic (node3.kvsrun.utah-cs6450-pg0.utah.cloudlab.us) 	09/06/2025 	_x86_64_	(16 CPU)

02:02:44 AM     IFACE   rxpck/s   txpck/s    rxkB/s    txkB/s   rxcmp/s   txcmp/s  rxmcst/s   %ifutil
02:02:45 AM        lo      0.00      0.00      0.00      0.00      0.00      0.00      0.00      0.00
02:02:45 AM      eno1    117.00      0.00      6.86      0.00      0.00      0.00      5.00      0.00
02:02:45 AM    eno1d1  11468.00  10062.00   2571.74   3852.75      0.00      0.00      0.00      0.32

02:02:45 AM     IFACE   rxpck/s   txpck/s    rxkB/s    txkB/s   rxcmp/s   txcmp/s  rxmcst/s   %ifutil
02:02:46 AM        lo      0.00      0.00      0.00      0.00      0.00      0.00      0.00      0.00
02:02:46 AM      eno1    192.00      2.00     11.25      0.12      0.00      0.00      1.00      0.00
02:02:46 AM    eno1d1 217624.00 242650.00  40748.74 163311.05      0.00      0.00      1.00     13.38

02:02:46 AM     IFACE   rxpck/s   txpck/s    rxkB/s    txkB/s   rxcmp/s   txcmp/s  rxmcst/s   %ifutil
02:02:47 AM        lo      0.00      0.00      0.00      0.00      0.00      0.00      0.00      0.00
02:02:47 AM      eno1    171.00      0.00     10.02      0.00      0.00      0.00      2.00      0.00
02:02:47 AM    eno1d1 236358.00 273828.00  43940.45 197361.87      0.00      0.00      0.00     16.17

02:02:47 AM     IFACE   rxpck/s   txpck/s    rxkB/s    txkB/s   rxcmp/s   txcmp/s  rxmcst/s   %ifutil
02:02:48 AM        lo      0.00      0.00      0.00      0.00      0.00      0.00      0.00      0.00
02:02:48 AM      eno1    151.00      0.00      8.85      0.00      0.00      0.00      3.00      0.00
02:02:48 AM    eno1d1 229332.00 269278.00  42466.38 198039.99      0.00      0.00      1.00     16.22

02:02:48 AM     IFACE   rxpck/s   txpck/s    rxkB/s    txkB/s   rxcmp/s   txcmp/s  rxmcst/s   %ifutil
02:02:49 AM        lo      0.00      0.00      0.00      0.00      0.00      0.00      0.00      0.00
02:02:49 AM      eno1    112.00      0.00      6.83      0.00      0.00      0.00      1.00      0.00
02:02:49 AM    eno1d1 224194.00 265062.00  41358.69 197058.96      0.00      0.00      0.00     16.14

02:02:49 AM     IFACE   rxpck/s   txpck/s    rxkB/s    txkB/s   rxcmp/s   txcmp/s  rxmcst/s   %ifutil
02:02:50 AM        lo      0.00      0.00      0.00      0.00      0.00      0.00      0.00      0.00
02:02:50 AM      eno1    173.00      0.00     10.14      0.00      0.00      0.00      2.00      0.00
02:02:50 AM    eno1d1 216906.00 258680.00  39975.04 195108.65      0.00      0.00      1.00     15.98

02:02:50 AM     IFACE   rxpck/s   txpck/s    rxkB/s    txkB/s   rxcmp/s   txcmp/s  rxmcst/s   %ifutil
02:02:51 AM        lo      0.00      0.00      0.00      0.00      0.00      0.00      0.00      0.00
02:02:51 AM      eno1    212.00      0.00     12.42      0.00      0.00      0.00      4.00      0.00
02:02:51 AM    eno1d1 224687.00 268968.00  41441.05 203279.61      0.00      0.00      0.00     16.65

02:02:51 AM     IFACE   rxpck/s   txpck/s    rxkB/s    txkB/s   rxcmp/s   txcmp/s  rxmcst/s   %ifutil
02:02:52 AM        lo      0.00      0.00      0.00      0.00      0.00      0.00      0.00      0.00
02:02:52 AM      eno1    276.00      0.00     16.17      0.00      0.00      0.00      1.00      0.00
02:02:52 AM    eno1d1 220562.00 266031.00  40588.31 203237.80      0.00      0.00      1.00     16.65

02:02:52 AM     IFACE   rxpck/s   txpck/s    rxkB/s    txkB/s   rxcmp/s   txcmp/s  rxmcst/s   %ifutil
02:02:53 AM        lo      0.00      0.00      0.00      0.00      0.00      0.00      0.00      0.00
02:02:53 AM      eno1    262.00      0.00     15.35      0.00      0.00      0.00      3.00      0.00
02:02:53 AM    eno1d1 222266.00 267187.00  40771.51 204097.81      0.00      0.00      0.00     16.72

02:02:53 AM     IFACE   rxpck/s   txpck/s    rxkB/s    txkB/s   rxcmp/s   txcmp/s  rxmcst/s   %ifutil
02:02:54 AM        lo      0.00      0.00      0.00      0.00      0.00      0.00      0.00      0.00
02:02:54 AM      eno1     82.00      0.00      4.80      0.00      0.00      0.00      1.00      0.00
02:02:54 AM    eno1d1 213252.00 256918.00  39040.77 197162.95      0.00      0.00      2.00     16.15

02:02:54 AM     IFACE   rxpck/s   txpck/s    rxkB/s    txkB/s   rxcmp/s   txcmp/s  rxmcst/s   %ifutil
02:02:55 AM        lo      0.00      0.00      0.00      0.00      0.00      0.00      0.00      0.00
02:02:55 AM      eno1    287.00      0.00     16.82      0.00      0.00      0.00      2.00      0.00
02:02:55 AM    eno1d1 214433.00 258827.00  39209.78 198823.44      0.00      0.00      0.00     16.29

02:02:55 AM     IFACE   rxpck/s   txpck/s    rxkB/s    txkB/s   rxcmp/s   txcmp/s  rxmcst/s   %ifutil
02:02:56 AM        lo      0.00      0.00      0.00      0.00      0.00      0.00      0.00      0.00
02:02:56 AM      eno1     43.00      0.00      2.52      0.00      0.00      0.00      2.00      0.00
02:02:56 AM    eno1d1 208560.00 252740.00  38149.15 195436.35      0.00      0.00      0.00     16.01

02:02:56 AM     IFACE   rxpck/s   txpck/s    rxkB/s    txkB/s   rxcmp/s   txcmp/s  rxmcst/s   %ifutil
02:02:57 AM        lo      0.00      0.00      0.00      0.00      0.00      0.00      0.00      0.00
02:02:57 AM      eno1    163.00      2.00      9.58      0.13      0.00      0.00      3.00      0.00
02:02:57 AM    eno1d1 211088.00 255440.00  38526.84 197637.83      0.00      0.00      1.00     16.19

02:02:57 AM     IFACE   rxpck/s   txpck/s    rxkB/s    txkB/s   rxcmp/s   txcmp/s  rxmcst/s   %ifutil
02:02:58 AM        lo      0.00      0.00      0.00      0.00      0.00      0.00      0.00      0.00
02:02:58 AM      eno1     65.00      1.00      3.81      0.06      0.00      0.00      1.00      0.00
02:02:58 AM    eno1d1 204775.00 249521.00  37451.89 194282.14      0.00      0.00      1.00     15.92

02:02:58 AM     IFACE   rxpck/s   txpck/s    rxkB/s    txkB/s   rxcmp/s   txcmp/s  rxmcst/s   %ifutil
02:02:59 AM        lo      0.00      0.00      0.00      0.00      0.00      0.00      0.00      0.00
02:02:59 AM      eno1    307.00      1.00     19.34      0.06      0.00      0.00      2.00      0.00
02:02:59 AM    eno1d1 207492.00 252532.00  37885.79 196601.33      0.00      0.00      0.00     16.11

02:02:59 AM     IFACE   rxpck/s   txpck/s    rxkB/s    txkB/s   rxcmp/s   txcmp/s  rxmcst/s   %ifutil
02:03:00 AM        lo      0.00      0.00      0.00      0.00      0.00      0.00      0.00      0.00
02:03:00 AM      eno1     96.00      1.00      5.62      0.06      0.00      0.00     34.00      0.00
02:03:00 AM    eno1d1 211317.00 257957.00  38603.57 200933.91      0.00      0.00      1.00     16.46

02:03:00 AM     IFACE   rxpck/s   txpck/s    rxkB/s    txkB/s   rxcmp/s   txcmp/s  rxmcst/s   %ifutil
02:03:01 AM        lo      0.00      0.00      0.00      0.00      0.00      0.00      0.00      0.00
02:03:01 AM      eno1    185.00      0.00     10.84      0.00      0.00      0.00     19.00      0.00
02:03:01 AM    eno1d1 215098.00 262459.00  39410.34 204637.98      0.00      0.00      0.00     16.76

02:03:01 AM     IFACE   rxpck/s   txpck/s    rxkB/s    txkB/s   rxcmp/s   txcmp/s  rxmcst/s   %ifutil
02:03:02 AM        lo      0.00      0.00      0.00      0.00      0.00      0.00      0.00      0.00
02:03:02 AM      eno1    139.00      2.00      8.16      0.14      0.00      0.00     92.00      0.00
02:03:02 AM    eno1d1 208331.00 257146.00  38064.32 201470.56      0.00      0.00      1.00     16.50

02:03:02 AM     IFACE   rxpck/s   txpck/s    rxkB/s    txkB/s   rxcmp/s   txcmp/s  rxmcst/s   %ifutil
02:03:03 AM        lo      0.00      0.00      0.00      0.00      0.00      0.00      0.00      0.00
02:03:03 AM      eno1    222.00      0.00     13.01      0.00      0.00      0.00    135.00      0.00
02:03:03 AM    eno1d1 205480.00 251301.00  37475.25 196468.85      0.00      0.00      0.00     16.09

02:03:03 AM     IFACE   rxpck/s   txpck/s    rxkB/s    txkB/s   rxcmp/s   txcmp/s  rxmcst/s   %ifutil
02:03:04 AM        lo      0.00      0.00      0.00      0.00      0.00      0.00      0.00      0.00
02:03:04 AM      eno1    133.00      0.00      7.79      0.00      0.00      0.00    121.00      0.00
02:03:04 AM    eno1d1 196309.00 238586.00  35642.45 186421.75      0.00      0.00      1.00     15.27

02:03:04 AM     IFACE   rxpck/s   txpck/s    rxkB/s    txkB/s   rxcmp/s   txcmp/s  rxmcst/s   %ifutil
02:03:05 AM        lo      0.00      0.00      0.00      0.00      0.00      0.00      0.00      0.00
02:03:05 AM      eno1    117.00      0.00      6.86      0.00      0.00      0.00    363.00      0.00
02:03:05 AM    eno1d1 206129.00 252395.00  37558.53 197814.97      0.00      0.00      0.00     16.21

02:03:05 AM     IFACE   rxpck/s   txpck/s    rxkB/s    txkB/s   rxcmp/s   txcmp/s  rxmcst/s   %ifutil
02:03:06 AM        lo      0.00      0.00      0.00      0.00      0.00      0.00      0.00      0.00
02:03:06 AM      eno1    171.00      0.00     10.02      0.00      0.00      0.00    597.00      0.00
02:03:06 AM    eno1d1 206614.00 253597.00  37651.05 199707.83      0.00      0.00      0.00     16.36

02:03:06 AM     IFACE   rxpck/s   txpck/s    rxkB/s    txkB/s   rxcmp/s   txcmp/s  rxmcst/s   %ifutil
02:03:07 AM        lo      0.00      0.00      0.00      0.00      0.00      0.00      0.00      0.00
02:03:07 AM      eno1    119.00      0.00      7.24      0.00      0.00      0.00    477.00      0.00
02:03:07 AM    eno1d1 203857.00 250984.00  37185.67 197815.37      0.00      0.00      1.00     16.21

02:03:07 AM     IFACE   rxpck/s   txpck/s    rxkB/s    txkB/s   rxcmp/s   txcmp/s  rxmcst/s   %ifutil
02:03:08 AM        lo      0.00      0.00      0.00      0.00      0.00      0.00      0.00      0.00
02:03:08 AM      eno1    182.00      9.00     11.91      2.34      0.00      0.00    741.00      0.00
02:03:08 AM    eno1d1 205684.00 252303.00  37433.38 198539.18      0.00      0.00      0.00     16.26

02:03:08 AM     IFACE   rxpck/s   txpck/s    rxkB/s    txkB/s   rxcmp/s   txcmp/s  rxmcst/s   %ifutil
02:03:09 AM        lo      0.00      0.00      0.00      0.00      0.00      0.00      0.00      0.00
02:03:09 AM      eno1    185.00      5.00     11.19      0.52      0.00      0.00    889.00      0.00
02:03:09 AM    eno1d1 202619.00 249363.00  36909.33 196508.79      0.00      0.00      1.00     16.10

02:03:09 AM     IFACE   rxpck/s   txpck/s    rxkB/s    txkB/s   rxcmp/s   txcmp/s  rxmcst/s   %ifutil
02:03:10 AM        lo      0.00      0.00      0.00      0.00      0.00      0.00      0.00      0.00
02:03:10 AM      eno1    287.00      0.00     16.82      0.00      0.00      0.00    699.00      0.00
02:03:10 AM    eno1d1 203073.00 249964.00  36983.07 197229.13      0.00      0.00      0.00     16.16

02:03:10 AM     IFACE   rxpck/s   txpck/s    rxkB/s    txkB/s   rxcmp/s   txcmp/s  rxmcst/s   %ifutil
02:03:11 AM        lo      0.00      0.00      0.00      0.00      0.00      0.00      0.00      0.00
02:03:11 AM      eno1    263.00      2.00     15.42      0.12      0.00      0.00    589.00      0.00
02:03:11 AM    eno1d1 197183.00 241359.00  35779.96 190291.93      0.00      0.00      1.00     15.59

02:03:11 AM     IFACE   rxpck/s   txpck/s    rxkB/s    txkB/s   rxcmp/s   txcmp/s  rxmcst/s   %ifutil
02:03:12 AM        lo      0.00      0.00      0.00      0.00      0.00      0.00      0.00      0.00
02:03:12 AM      eno1    220.00      1.00     12.89      0.06      0.00      0.00    705.00      0.00
02:03:12 AM    eno1d1 202723.00 248482.00  36789.53 195943.34      0.00      0.00      1.00     16.05

02:03:12 AM     IFACE   rxpck/s   txpck/s    rxkB/s    txkB/s   rxcmp/s   txcmp/s  rxmcst/s   %ifutil
02:03:13 AM        lo      0.00      0.00      0.00      0.00      0.00      0.00      0.00      0.00
02:03:13 AM      eno1    190.00      0.00     11.40      0.00      0.00      0.00    974.00      0.00
02:03:13 AM    eno1d1 141944.00 173022.00  25512.26 136687.07      0.00      0.00      0.00     11.20

02:03:13 AM     IFACE   rxpck/s   txpck/s    rxkB/s    txkB/s   rxcmp/s   txcmp/s  rxmcst/s   %ifutil
02:03:14 AM        lo      0.00      0.00      0.00      0.00      0.00      0.00      0.00      0.00
02:03:14 AM      eno1    113.00      1.00      6.65      0.09      0.00      0.00    477.00      0.00
02:03:14 AM    eno1d1      9.00     15.00      1.66     14.39      0.00      0.00      1.00      0.00

Average:        IFACE   rxpck/s   txpck/s    rxkB/s    txkB/s   rxcmp/s   txcmp/s  rxmcst/s   %ifutil
Average:           lo      0.00      0.00      0.00      0.00      0.00      0.00      0.00      0.00
Average:         eno1    174.50      0.90     10.35      0.12      0.00      0.00    231.50      0.00
Average:       eno1d1 195645.57 236221.90  35837.55 181525.92      0.00      0.00      0.53     14.87
