Linux 6.8.0-71-generic (node3.kvsrun.utah-cs6450-pg0.utah.cloudlab.us) 	09/06/2025 	_x86_64_	(16 CPU)

02:02:44 AM       DEV       tps     rkB/s     wkB/s     dkB/s   areq-sz    aqu-sz     await     %util
02:02:45 AM     loop0      0.00      0.00      0.00      0.00      0.00      0.00      0.00      0.00
02:02:45 AM   nvme0n1      0.00      0.00      0.00      0.00      0.00      0.00      0.00      0.00

02:02:45 AM       DEV       tps     rkB/s     wkB/s     dkB/s   areq-sz    aqu-sz     await     %util
02:02:46 AM     loop0      0.00      0.00      0.00      0.00      0.00      0.00      0.00      0.00
02:02:46 AM   nvme0n1    110.00      0.00    536.00      0.00      4.87      0.01      0.08      0.10

02:02:46 AM       DEV       tps     rkB/s     wkB/s     dkB/s   areq-sz    aqu-sz     await     %util
02:02:47 AM     loop0      0.00      0.00      0.00      0.00      0.00      0.00      0.00      0.00
02:02:47 AM   nvme0n1      2.00      0.00     48.00      0.00     24.00      0.01      2.00      0.40

02:02:47 AM       DEV       tps     rkB/s     wkB/s     dkB/s   areq-sz    aqu-sz     await     %util
02:02:48 AM     loop0      0.00      0.00      0.00      0.00      0.00      0.00      0.00      0.00
02:02:48 AM   nvme0n1      0.00      0.00      0.00      0.00      0.00      0.00      0.00      0.00

02:02:48 AM       DEV       tps     rkB/s     wkB/s     dkB/s   areq-sz    aqu-sz     await     %util
02:02:49 AM     loop0      0.00      0.00      0.00      0.00      0.00      0.00      0.00      0.00
02:02:49 AM   nvme0n1      0.00      0.00      0.00      0.00      0.00      0.00      0.00      0.00

02:02:49 AM       DEV       tps     rkB/s     wkB/s     dkB/s   areq-sz    aqu-sz     await     %util
02:02:50 AM     loop0      0.00      0.00      0.00      0.00      0.00      0.00      0.00      0.00
02:02:50 AM   nvme0n1      0.00      0.00      0.00      0.00      0.00      0.00      0.00      0.00

02:02:50 AM       DEV       tps     rkB/s     wkB/s     dkB/s   areq-sz    aqu-sz     await     %util
02:02:51 AM     loop0      0.00      0.00      0.00      0.00      0.00      0.00      0.00      0.00
02:02:51 AM   nvme0n1      0.00      0.00      0.00      0.00      0.00      0.00      0.00      0.00

02:02:51 AM       DEV       tps     rkB/s     wkB/s     dkB/s   areq-sz    aqu-sz     await     %util
02:02:52 AM     loop0      0.00      0.00      0.00      0.00      0.00      0.00      0.00      0.00
02:02:52 AM   nvme0n1     10.00      0.00     40.00      0.00      4.00      0.00      0.20      0.00

02:02:52 AM       DEV       tps     rkB/s     wkB/s     dkB/s   areq-sz    aqu-sz     await     %util
02:02:53 AM     loop0      0.00      0.00      0.00      0.00      0.00      0.00      0.00      0.00
02:02:53 AM   nvme0n1      0.00      0.00      0.00      0.00      0.00      0.00      0.00      0.00

02:02:53 AM       DEV       tps     rkB/s     wkB/s     dkB/s   areq-sz    aqu-sz     await     %util
02:02:54 AM     loop0      0.00      0.00      0.00      0.00      0.00      0.00      0.00      0.00
02:02:54 AM   nvme0n1      0.00      0.00      0.00      0.00      0.00      0.00      0.00      0.00

02:02:54 AM       DEV       tps     rkB/s     wkB/s     dkB/s   areq-sz    aqu-sz     await     %util
02:02:55 AM     loop0      0.00      0.00      0.00      0.00      0.00      0.00      0.00      0.00
02:02:55 AM   nvme0n1      0.00      0.00      0.00      0.00      0.00      0.00      0.00      0.00

02:02:55 AM       DEV       tps     rkB/s     wkB/s     dkB/s   areq-sz    aqu-sz     await     %util
02:02:56 AM     loop0      0.00      0.00      0.00      0.00      0.00      0.00      0.00      0.00
02:02:56 AM   nvme0n1      0.00      0.00      0.00      0.00      0.00      0.00      0.00      0.00

02:02:56 AM       DEV       tps     rkB/s     wkB/s     dkB/s   areq-sz    aqu-sz     await     %util
02:02:57 AM     loop0      0.00      0.00      0.00      0.00      0.00      0.00      0.00      0.00
02:02:57 AM   nvme0n1      0.00      0.00      0.00      0.00      0.00      0.00      0.00      0.00

02:02:57 AM       DEV       tps     rkB/s     wkB/s     dkB/s   areq-sz    aqu-sz     await     %util
02:02:58 AM     loop0      0.00      0.00      0.00      0.00      0.00      0.00      0.00      0.00
02:02:58 AM   nvme0n1      0.00      0.00      0.00      0.00      0.00      0.00      0.00      0.00

02:02:58 AM       DEV       tps     rkB/s     wkB/s     dkB/s   areq-sz    aqu-sz     await     %util
02:02:59 AM     loop0      0.00      0.00      0.00      0.00      0.00      0.00      0.00      0.00
02:02:59 AM   nvme0n1      0.00      0.00      0.00      0.00      0.00      0.00      0.00      0.00

02:02:59 AM       DEV       tps     rkB/s     wkB/s     dkB/s   areq-sz    aqu-sz     await     %util
02:03:00 AM     loop0      0.00      0.00      0.00      0.00      0.00      0.00      0.00      0.00
02:03:00 AM   nvme0n1      0.00      0.00      0.00      0.00      0.00      0.00      0.00      0.00

02:03:00 AM       DEV       tps     rkB/s     wkB/s     dkB/s   areq-sz    aqu-sz     await     %util
02:03:01 AM     loop0      0.00      0.00      0.00      0.00      0.00      0.00      0.00      0.00
02:03:01 AM   nvme0n1      0.00      0.00      0.00      0.00      0.00      0.00      0.00      0.00

02:03:01 AM       DEV       tps     rkB/s     wkB/s     dkB/s   areq-sz    aqu-sz     await     %util
02:03:02 AM     loop0      0.00      0.00      0.00      0.00      0.00      0.00      0.00      0.00
02:03:02 AM   nvme0n1      0.00      0.00      0.00      0.00      0.00      0.00      0.00      0.00

02:03:02 AM       DEV       tps     rkB/s     wkB/s     dkB/s   areq-sz    aqu-sz     await     %util
02:03:03 AM     loop0      0.00      0.00      0.00      0.00      0.00      0.00      0.00      0.00
02:03:03 AM   nvme0n1      2.00      0.00     12.00      0.00      6.00      0.00      0.00      0.00

02:03:03 AM       DEV       tps     rkB/s     wkB/s     dkB/s   areq-sz    aqu-sz     await     %util
02:03:04 AM     loop0      0.00      0.00      0.00      0.00      0.00      0.00      0.00      0.00
02:03:04 AM   nvme0n1      0.00      0.00      0.00      0.00      0.00      0.00      0.00      0.00

02:03:04 AM       DEV       tps     rkB/s     wkB/s     dkB/s   areq-sz    aqu-sz     await     %util
02:03:05 AM     loop0      0.00      0.00      0.00      0.00      0.00      0.00      0.00      0.00
02:03:05 AM   nvme0n1      0.00      0.00      0.00      0.00      0.00      0.00      0.00      0.00

02:03:05 AM       DEV       tps     rkB/s     wkB/s     dkB/s   areq-sz    aqu-sz     await     %util
02:03:06 AM     loop0      0.00      0.00      0.00      0.00      0.00      0.00      0.00      0.00
02:03:06 AM   nvme0n1      0.00      0.00      0.00      0.00      0.00      0.00      0.00      0.00

02:03:06 AM       DEV       tps     rkB/s     wkB/s     dkB/s   areq-sz    aqu-sz     await     %util
02:03:07 AM     loop0      0.00      0.00      0.00      0.00      0.00      0.00      0.00      0.00
02:03:07 AM   nvme0n1      0.00      0.00      0.00      0.00      0.00      0.00      0.00      0.00

02:03:07 AM       DEV       tps     rkB/s     wkB/s     dkB/s   areq-sz    aqu-sz     await     %util
02:03:08 AM     loop0      0.00      0.00      0.00      0.00      0.00      0.00      0.00      0.00
02:03:08 AM   nvme0n1      0.00      0.00      0.00      0.00      0.00      0.00      0.00      0.00

02:03:08 AM       DEV       tps     rkB/s     wkB/s     dkB/s   areq-sz    aqu-sz     await     %util
02:03:09 AM     loop0      0.00      0.00      0.00      0.00      0.00      0.00      0.00      0.00
02:03:09 AM   nvme0n1      0.00      0.00      0.00      0.00      0.00      0.00      0.00      0.00

02:03:09 AM       DEV       tps     rkB/s     wkB/s     dkB/s   areq-sz    aqu-sz     await     %util
02:03:10 AM     loop0      0.00      0.00      0.00      0.00      0.00      0.00      0.00      0.00
02:03:10 AM   nvme0n1      0.00      0.00      0.00      0.00      0.00      0.00      0.00      0.00

02:03:10 AM       DEV       tps     rkB/s     wkB/s     dkB/s   areq-sz    aqu-sz     await     %util
02:03:11 AM     loop0      0.00      0.00      0.00      0.00      0.00      0.00      0.00      0.00
02:03:11 AM   nvme0n1      0.00      0.00      0.00      0.00      0.00      0.00      0.00      0.00

02:03:11 AM       DEV       tps     rkB/s     wkB/s     dkB/s   areq-sz    aqu-sz     await     %util
02:03:12 AM     loop0      0.00      0.00      0.00      0.00      0.00      0.00      0.00      0.00
02:03:12 AM   nvme0n1      0.00      0.00      0.00      0.00      0.00      0.00      0.00      0.00

02:03:12 AM       DEV       tps     rkB/s     wkB/s     dkB/s   areq-sz    aqu-sz     await     %util
02:03:13 AM     loop0      0.00      0.00      0.00      0.00      0.00      0.00      0.00      0.00
02:03:13 AM   nvme0n1      0.00      0.00      0.00      0.00      0.00      0.00      0.00      0.00

02:03:13 AM       DEV       tps     rkB/s     wkB/s     dkB/s   areq-sz    aqu-sz     await     %util
02:03:14 AM     loop0      0.00      0.00      0.00      0.00      0.00      0.00      0.00      0.00
02:03:14 AM   nvme0n1     42.00      0.00    196.00      0.00      4.67      0.01      0.19      0.40

Average:          DEV       tps     rkB/s     wkB/s     dkB/s   areq-sz    aqu-sz     await     %util
Average:        loop0      0.00      0.00      0.00      0.00      0.00      0.00      0.00      0.00
Average:      nvme0n1      5.53      0.00     27.73      0.00      5.01      0.00      0.14      0.03
