Linux 6.8.0-71-generic (node1.kvsrun.utah-cs6450-pg0.utah.cloudlab.us) 	09/06/2025 	_x86_64_	(16 CPU)

02:02:44 AM kbmemfree   kbavail kbmemused  %memused kbbuffers  kbcached  kbcommit   %commit  kbactive   kbinact   kbdirty
02:02:45 AM  63817176  64280556    603940      0.92     69108    967936    715280      0.97    322184    825192       860
02:02:46 AM  63760752  64224212    659232      1.00     69108    967936    783328      1.06    376732    825192       912
02:02:47 AM  63735064  64198568    684868      1.04     69108    967980    804820      1.09    394952    825196       936
02:02:48 AM  63719312  64182816    700708      1.07     69108    967980    813524      1.10    407400    825196       936
02:02:49 AM  63703232  64166736    716836      1.09     69108    967980    834208      1.13    416676    825196       936
02:02:50 AM  63689660  64153168    730416      1.11     69116    967980    842912      1.14    426036    825200       936
02:02:51 AM  63682012  64145524    738016      1.12     69116    967980    847136      1.14    432568    825204       956
02:02:52 AM  63675108  64138620    745000      1.13     69116    967980    855584      1.15    437328    825204       956
02:02:53 AM  63669568  64133080    750620      1.14     69116    967980    859936      1.16    442224    825204       956
02:02:54 AM  63665324  64128836    754720      1.15     69116    967980    860008      1.16    444984    825204       956
02:02:55 AM  63657284  64120796    762820      1.16     69116    967984    864104      1.17    448588    825204       936
02:02:56 AM  63649988  64113504    769988      1.17     69116    967984    868200      1.17    454156    825208       956
02:02:57 AM  63647692  64111208    772428      1.18     69116    967984    872552      1.18    456616    825208       956
02:02:58 AM  63642088  64105604    777888      1.18     69116    967984    876648      1.18    461728    825208       956
02:02:59 AM  63640652  64104172    779432      1.19     69116    967988    880808      1.19    464248    825212       100
02:03:00 AM  63638612  64102132    781472      1.19     69116    967988    880872      1.19    465812    825212        76
02:03:01 AM  63633992  64097512    786124      1.20     69116    967988    884968      1.19    470488    825212        96
02:03:02 AM  63632460  64095980    787400      1.20     69116    967988    889064      1.20    473496    825212        96
02:03:03 AM  63633248  64096768    786708      1.20     69116    967988    889064      1.20    473640    825212        88
02:03:04 AM  63625780  64089300    794288      1.21     69116    967988    897328      1.21    477768    825212        80
02:03:05 AM  63620012  64083536    800036      1.22     69116    967992    897584      1.21    482748    825216        60
02:03:06 AM  63615172  64078696    804796      1.22     69116    967992    899072      1.21    484128    825216        80
02:03:07 AM  63615576  64079100    804468      1.22     69116    967992    900560      1.22    484388    825216        80
02:03:08 AM  63616764  64080288    803120      1.22     69116    967992    904848      1.22    486680    825216        76
02:03:09 AM  63617356  64080880    802512      1.22     69116    967992    905104      1.22    487820    825216        76
02:03:10 AM  63608976  64072500    811184      1.23     69116    967992    926208      1.25    491356    825216       248
02:03:11 AM  63609796  64073336    810140      1.23     69116    967992    924360      1.25    491664    825216       252
02:03:12 AM  63607536  64071080    812404      1.24     69116    967996    925848      1.25    492420    825220       264
02:03:13 AM  63612808  64076304    810012      1.23     69116    967996    926104      1.25    493116    825220       264
02:03:14 AM  63842684  64306164    579824      0.88     69116    967988    461372      0.62    274500    825220       656
Average:     63662856  64126366    757380      1.15     69115    967983    856380      1.16    447215    825209       525
