Linux 6.8.0-71-generic (node1.kvsrun.utah-cs6450-pg0.utah.cloudlab.us) 	09/06/2025 	_x86_64_	(16 CPU)

02:02:44 AM     IFACE   rxpck/s   txpck/s    rxkB/s    txkB/s   rxcmp/s   txcmp/s  rxmcst/s   %ifutil
02:02:45 AM        lo      0.00      0.00      0.00      0.00      0.00      0.00      0.00      0.00
02:02:45 AM      eno1    121.00      7.00      8.12      2.16      0.00      0.00      4.00      0.00
02:02:45 AM    eno1d1  12362.00  11255.00   2027.32   4673.11      0.00      0.00      0.00      0.38

02:02:45 AM     IFACE   rxpck/s   txpck/s    rxkB/s    txkB/s   rxcmp/s   txcmp/s  rxmcst/s   %ifutil
02:02:46 AM        lo      0.00      0.00      0.00      0.00      0.00      0.00      0.00      0.00
02:02:46 AM      eno1    196.00      9.00     11.70      0.91      0.00      0.00      1.00      0.00
02:02:46 AM    eno1d1 238476.00 269420.00  44250.05 185615.20      0.00      0.00      1.00     15.21

02:02:46 AM     IFACE   rxpck/s   txpck/s    rxkB/s    txkB/s   rxcmp/s   txcmp/s  rxmcst/s   %ifutil
02:02:47 AM        lo      0.00      0.00      0.00      0.00      0.00      0.00      0.00      0.00
02:02:47 AM      eno1    172.00      0.00     10.08      0.00      0.00      0.00      3.00      0.00
02:02:47 AM    eno1d1 256733.00 301295.00  47418.87 219427.77      0.00      0.00      0.00     17.98

02:02:47 AM     IFACE   rxpck/s   txpck/s    rxkB/s    txkB/s   rxcmp/s   txcmp/s  rxmcst/s   %ifutil
02:02:48 AM        lo      0.00      0.00      0.00      0.00      0.00      0.00      0.00      0.00
02:02:48 AM      eno1    152.00      0.00      8.91      0.00      0.00      0.00      1.00      0.00
02:02:48 AM    eno1d1 250267.00 296521.00  45964.32 220033.17      0.00      0.00      1.00     18.03

02:02:48 AM     IFACE   rxpck/s   txpck/s    rxkB/s    txkB/s   rxcmp/s   txcmp/s  rxmcst/s   %ifutil
02:02:49 AM        lo      0.00      0.00      0.00      0.00      0.00      0.00      0.00      0.00
02:02:49 AM      eno1    110.00      0.00      6.45      0.00      0.00      0.00      1.00      0.00
02:02:49 AM    eno1d1 241169.00 287553.00  44290.55 216286.57      0.00      0.00      0.00     17.72

02:02:49 AM     IFACE   rxpck/s   txpck/s    rxkB/s    txkB/s   rxcmp/s   txcmp/s  rxmcst/s   %ifutil
02:02:50 AM        lo      0.00      0.00      0.00      0.00      0.00      0.00      0.00      0.00
02:02:50 AM      eno1    173.00      0.00     10.14      0.00      0.00      0.00      2.00      0.00
02:02:50 AM    eno1d1 240274.00 288348.00  43786.84 217464.93      0.00      0.00      1.00     17.81

02:02:50 AM     IFACE   rxpck/s   txpck/s    rxkB/s    txkB/s   rxcmp/s   txcmp/s  rxmcst/s   %ifutil
02:02:51 AM        lo      0.00      0.00      0.00      0.00      0.00      0.00      0.00      0.00
02:02:51 AM      eno1    212.00      0.00     12.42      0.00      0.00      0.00      3.00      0.00
02:02:51 AM    eno1d1 243418.00 294550.00  44518.87 224503.06      0.00      0.00      0.00     18.39

02:02:51 AM     IFACE   rxpck/s   txpck/s    rxkB/s    txkB/s   rxcmp/s   txcmp/s  rxmcst/s   %ifutil
02:02:52 AM        lo      0.00      0.00      0.00      0.00      0.00      0.00      0.00      0.00
02:02:52 AM      eno1    277.00      0.00     16.23      0.00      0.00      0.00      2.00      0.00
02:02:52 AM    eno1d1 238869.00 290020.00  43643.37 222679.29      0.00      0.00      1.00     18.24

02:02:52 AM     IFACE   rxpck/s   txpck/s    rxkB/s    txkB/s   rxcmp/s   txcmp/s  rxmcst/s   %ifutil
02:02:53 AM        lo      0.00      0.00      0.00      0.00      0.00      0.00      0.00      0.00
02:02:53 AM      eno1    261.00      0.00     15.29      0.00      0.00      0.00      2.00      0.00
02:02:53 AM    eno1d1 240538.00 292778.00  43883.05 225876.47      0.00      0.00      0.00     18.50

02:02:53 AM     IFACE   rxpck/s   txpck/s    rxkB/s    txkB/s   rxcmp/s   txcmp/s  rxmcst/s   %ifutil
02:02:54 AM        lo      0.00      0.00      0.00      0.00      0.00      0.00      0.00      0.00
02:02:54 AM      eno1     82.00      0.00      4.80      0.00      0.00      0.00      2.00      0.00
02:02:54 AM    eno1d1 230220.00 280519.00  41977.97 217552.50      0.00      0.00      1.00     17.82

02:02:54 AM     IFACE   rxpck/s   txpck/s    rxkB/s    txkB/s   rxcmp/s   txcmp/s  rxmcst/s   %ifutil
02:02:55 AM        lo      0.00      0.00      0.00      0.00      0.00      0.00      0.00      0.00
02:02:55 AM      eno1    287.00      0.00     16.82      0.00      0.00      0.00      2.00      0.00
02:02:55 AM    eno1d1 233264.00 283185.00  42296.57 217668.58      0.00      0.00      0.00     17.83

02:02:55 AM     IFACE   rxpck/s   txpck/s    rxkB/s    txkB/s   rxcmp/s   txcmp/s  rxmcst/s   %ifutil
02:02:56 AM        lo      0.00      0.00      0.00      0.00      0.00      0.00      0.00      0.00
02:02:56 AM      eno1     44.00      0.00      2.58      0.00      0.00      0.00      3.00      0.00
02:02:56 AM    eno1d1 225088.00 275484.00  40967.81 213816.92      0.00      0.00      1.00     17.52

02:02:56 AM     IFACE   rxpck/s   txpck/s    rxkB/s    txkB/s   rxcmp/s   txcmp/s  rxmcst/s   %ifutil
02:02:57 AM        lo      0.00      0.00      0.00      0.00      0.00      0.00      0.00      0.00
02:02:57 AM      eno1    161.00      0.00      9.71      0.00      0.00      0.00      2.00      0.00
02:02:57 AM    eno1d1 229296.00 279961.00  41596.03 217906.14      0.00      0.00      0.00     17.85

02:02:57 AM     IFACE   rxpck/s   txpck/s    rxkB/s    txkB/s   rxcmp/s   txcmp/s  rxmcst/s   %ifutil
02:02:58 AM        lo      0.00      0.00      0.00      0.00      0.00      0.00      0.00      0.00
02:02:58 AM      eno1     65.00      1.00      3.81      0.06      0.00      0.00      2.00      0.00
02:02:58 AM    eno1d1 224737.00 274838.00  40785.69 213758.22      0.00      0.00      0.00     17.51

02:02:58 AM     IFACE   rxpck/s   txpck/s    rxkB/s    txkB/s   rxcmp/s   txcmp/s  rxmcst/s   %ifutil
02:02:59 AM        lo      0.00      0.00      0.00      0.00      0.00      0.00      0.00      0.00
02:02:59 AM      eno1    307.00      1.00     19.36      0.08      0.00      0.00      2.00      0.00
02:02:59 AM    eno1d1 225287.00 276589.00  40906.85 216261.87      0.00      0.00      1.00     17.72

02:02:59 AM     IFACE   rxpck/s   txpck/s    rxkB/s    txkB/s   rxcmp/s   txcmp/s  rxmcst/s   %ifutil
02:03:00 AM        lo      0.00      0.00      0.00      0.00      0.00      0.00      0.00      0.00
02:03:00 AM      eno1     95.00      0.00      5.57      0.00      0.00      0.00     34.00      0.00
02:03:00 AM    eno1d1 229334.00 281977.00  41658.85 220418.82      0.00      0.00      0.00     18.06

02:03:00 AM     IFACE   rxpck/s   txpck/s    rxkB/s    txkB/s   rxcmp/s   txcmp/s  rxmcst/s   %ifutil
02:03:01 AM        lo      0.00      0.00      0.00      0.00      0.00      0.00      0.00      0.00
02:03:01 AM      eno1    185.00      0.00     10.84      0.00      0.00      0.00     19.00      0.00
02:03:01 AM    eno1d1 234065.00 288749.00  42558.04 225535.77      0.00      0.00      1.00     18.48

02:03:01 AM     IFACE   rxpck/s   txpck/s    rxkB/s    txkB/s   rxcmp/s   txcmp/s  rxmcst/s   %ifutil
02:03:02 AM        lo      0.00      0.00      0.00      0.00      0.00      0.00      0.00      0.00
02:03:02 AM      eno1    137.00      0.00      8.03      0.00      0.00      0.00     91.00      0.00
02:03:02 AM    eno1d1 227238.00 281196.00  41353.56 220429.30      0.00      0.00      1.00     18.06

02:03:02 AM     IFACE   rxpck/s   txpck/s    rxkB/s    txkB/s   rxcmp/s   txcmp/s  rxmcst/s   %ifutil
02:03:03 AM        lo      0.00      0.00      0.00      0.00      0.00      0.00      0.00      0.00
02:03:03 AM      eno1    222.00      0.00     13.01      0.00      0.00      0.00    136.00      0.00
02:03:03 AM    eno1d1 222200.00 273877.00  40318.71 214670.84      0.00      0.00      1.00     17.59

02:03:03 AM     IFACE   rxpck/s   txpck/s    rxkB/s    txkB/s   rxcmp/s   txcmp/s  rxmcst/s   %ifutil
02:03:04 AM        lo      0.00      0.00      0.00      0.00      0.00      0.00      0.00      0.00
02:03:04 AM      eno1    133.00      0.00      7.79      0.00      0.00      0.00    120.00      0.00
02:03:04 AM    eno1d1 212634.00 260927.00  38417.86 204997.99      0.00      0.00      1.00     16.79

02:03:04 AM     IFACE   rxpck/s   txpck/s    rxkB/s    txkB/s   rxcmp/s   txcmp/s  rxmcst/s   %ifutil
02:03:05 AM        lo      0.00      0.00      0.00      0.00      0.00      0.00      0.00      0.00
02:03:05 AM      eno1    119.00      2.00      6.99      0.14      0.00      0.00    331.00      0.00
02:03:05 AM    eno1d1 222565.00 273808.00  40398.05 215711.84      0.00      0.00      0.00     17.67

02:03:05 AM     IFACE   rxpck/s   txpck/s    rxkB/s    txkB/s   rxcmp/s   txcmp/s  rxmcst/s   %ifutil
02:03:06 AM        lo      0.00      0.00      0.00      0.00      0.00      0.00      0.00      0.00
02:03:06 AM      eno1    174.00      2.00     10.20      0.16      0.00      0.00    631.00      0.00
02:03:06 AM    eno1d1 225457.00 279305.00  40767.42 219502.36      0.00      0.00      1.00     17.98

02:03:06 AM     IFACE   rxpck/s   txpck/s    rxkB/s    txkB/s   rxcmp/s   txcmp/s  rxmcst/s   %ifutil
02:03:07 AM        lo      0.00      0.00      0.00      0.00      0.00      0.00      0.00      0.00
02:03:07 AM      eno1    121.00      2.00      7.36      1.21      0.00      0.00    476.00      0.00
02:03:07 AM    eno1d1 222944.00 274815.00  40325.96 216589.28      0.00      0.00      0.00     17.74

02:03:07 AM     IFACE   rxpck/s   txpck/s    rxkB/s    txkB/s   rxcmp/s   txcmp/s  rxmcst/s   %ifutil
02:03:08 AM        lo      0.00      0.00      0.00      0.00      0.00      0.00      0.00      0.00
02:03:08 AM      eno1    177.00      2.00     11.55      0.67      0.00      0.00    742.00      0.00
02:03:08 AM    eno1d1 223844.00 276873.00  40537.61 218003.43      0.00      0.00      0.00     17.86

02:03:08 AM     IFACE   rxpck/s   txpck/s    rxkB/s    txkB/s   rxcmp/s   txcmp/s  rxmcst/s   %ifutil
02:03:09 AM        lo      0.00      0.00      0.00      0.00      0.00      0.00      0.00      0.00
02:03:09 AM      eno1    185.00      3.00     11.16      0.22      0.00      0.00    888.00      0.00
02:03:09 AM    eno1d1 221013.00 272858.00  39974.12 214815.08      0.00      0.00      1.00     17.60

02:03:09 AM     IFACE   rxpck/s   txpck/s    rxkB/s    txkB/s   rxcmp/s   txcmp/s  rxmcst/s   %ifutil
02:03:10 AM        lo      0.00      0.00      0.00      0.00      0.00      0.00      0.00      0.00
02:03:10 AM      eno1    289.00      2.00     16.99      0.23      0.00      0.00    699.00      0.00
02:03:10 AM    eno1d1 221651.00 274300.00  40106.72 216782.35      0.00      0.00      0.00     17.76

02:03:10 AM     IFACE   rxpck/s   txpck/s    rxkB/s    txkB/s   rxcmp/s   txcmp/s  rxmcst/s   %ifutil
02:03:11 AM        lo      0.00      0.00      0.00      0.00      0.00      0.00      0.00      0.00
02:03:11 AM      eno1    266.00      5.00     15.59      0.43      0.00      0.00    590.00      0.00
02:03:11 AM    eno1d1 214973.00 264192.00  38732.19 208293.11      0.00      0.00      1.00     17.06

02:03:11 AM     IFACE   rxpck/s   txpck/s    rxkB/s    txkB/s   rxcmp/s   txcmp/s  rxmcst/s   %ifutil
02:03:12 AM        lo      0.00      0.00      0.00      0.00      0.00      0.00      0.00      0.00
02:03:12 AM      eno1    225.00      4.00     14.32      1.33      0.00      0.00    705.00      0.00
02:03:12 AM    eno1d1 219102.00 271103.00  39561.91 214493.08      0.00      0.00      0.00     17.57

02:03:12 AM     IFACE   rxpck/s   txpck/s    rxkB/s    txkB/s   rxcmp/s   txcmp/s  rxmcst/s   %ifutil
02:03:13 AM        lo      0.00      0.00      0.00      0.00      0.00      0.00      0.00      0.00
02:03:13 AM      eno1    192.00      2.00     11.57      0.68      0.00      0.00    974.00      0.00
02:03:13 AM    eno1d1 155269.00 190124.00  27735.83 149982.84      0.00      0.00      1.00     12.29

02:03:13 AM     IFACE   rxpck/s   txpck/s    rxkB/s    txkB/s   rxcmp/s   txcmp/s  rxmcst/s   %ifutil
02:03:14 AM        lo      0.00      0.00      0.00      0.00      0.00      0.00      0.00      0.00
02:03:14 AM      eno1    123.00     16.00      8.31      3.29      0.00      0.00    477.00      0.00
02:03:14 AM    eno1d1     32.00     33.00      7.32     16.04      0.00      0.00      0.00      0.00

Average:        IFACE   rxpck/s   txpck/s    rxkB/s    txkB/s   rxcmp/s   txcmp/s  rxmcst/s   %ifutil
Average:           lo      0.00      0.00      0.00      0.00      0.00      0.00      0.00      0.00
Average:         eno1    175.43      1.93     10.52      0.39      0.00      0.00    231.50      0.00
Average:       eno1d1 212743.97 258881.77  38692.28 199792.20      0.00      0.00      0.50     16.37
