Linux 6.8.0-71-generic (node2.kvsrun.utah-cs6450-pg0.utah.cloudlab.us) 	09/06/2025 	_x86_64_	(16 CPU)

02:02:44 AM     IFACE   rxpck/s   txpck/s    rxkB/s    txkB/s   rxcmp/s   txcmp/s  rxmcst/s   %ifutil
02:02:45 AM        lo      0.00      0.00      0.00      0.00      0.00      0.00      0.00      0.00
02:02:45 AM      eno1    119.00      1.00      7.01      0.61      0.00      0.00      4.00      0.00
02:02:45 AM    eno1d1  11383.00   9976.00   2346.01   3750.15      0.00      0.00      0.00      0.31

02:02:45 AM     IFACE   rxpck/s   txpck/s    rxkB/s    txkB/s   rxcmp/s   txcmp/s  rxmcst/s   %ifutil
02:02:46 AM        lo      0.00      0.00      0.00      0.00      0.00      0.00      0.00      0.00
02:02:46 AM      eno1    194.00      3.00     11.42      0.22      0.00      0.00      1.00      0.00
02:02:46 AM    eno1d1 227987.00 255527.00  42480.37 173525.54      0.00      0.00      1.00     14.22

02:02:46 AM     IFACE   rxpck/s   txpck/s    rxkB/s    txkB/s   rxcmp/s   txcmp/s  rxmcst/s   %ifutil
02:02:47 AM        lo      0.00      0.00      0.00      0.00      0.00      0.00      0.00      0.00
02:02:47 AM      eno1    173.00      1.00     10.15      0.06      0.00      0.00      3.00      0.00
02:02:47 AM    eno1d1 247980.00 288630.00  45929.36 208782.59      0.00      0.00      0.00     17.10

02:02:47 AM     IFACE   rxpck/s   txpck/s    rxkB/s    txkB/s   rxcmp/s   txcmp/s  rxmcst/s   %ifutil
02:02:48 AM        lo      0.00      0.00      0.00      0.00      0.00      0.00      0.00      0.00
02:02:48 AM      eno1    153.00      1.00      9.03      0.10      0.00      0.00      1.00      0.00
02:02:48 AM    eno1d1 239100.00 282708.00  44136.38 209226.00      0.00      0.00      1.00     17.14

02:02:48 AM     IFACE   rxpck/s   txpck/s    rxkB/s    txkB/s   rxcmp/s   txcmp/s  rxmcst/s   %ifutil
02:02:49 AM        lo      0.00      0.00      0.00      0.00      0.00      0.00      0.00      0.00
02:02:49 AM      eno1    116.00      4.00      6.82      0.39      0.00      0.00      1.00      0.00
02:02:49 AM    eno1d1 233727.00 277887.00  43006.29 208649.10      0.00      0.00      0.00     17.09

02:02:49 AM     IFACE   rxpck/s   txpck/s    rxkB/s    txkB/s   rxcmp/s   txcmp/s  rxmcst/s   %ifutil
02:02:50 AM        lo      0.00      0.00      0.00      0.00      0.00      0.00      0.00      0.00
02:02:50 AM      eno1    180.00      4.00     12.65      1.38      0.00      0.00      2.00      0.00
02:02:50 AM    eno1d1 226763.00 270859.00  41594.79 204807.13      0.00      0.00      1.00     16.78

02:02:50 AM     IFACE   rxpck/s   txpck/s    rxkB/s    txkB/s   rxcmp/s   txcmp/s  rxmcst/s   %ifutil
02:02:51 AM        lo      0.00      0.00      0.00      0.00      0.00      0.00      0.00      0.00
02:02:51 AM      eno1    214.00      1.00     12.58      0.61      0.00      0.00      3.00      0.00
02:02:51 AM    eno1d1 232558.00 280702.00  42750.83 214100.67      0.00      0.00      0.00     17.54

02:02:51 AM     IFACE   rxpck/s   txpck/s    rxkB/s    txkB/s   rxcmp/s   txcmp/s  rxmcst/s   %ifutil
02:02:52 AM        lo      0.00      0.00      0.00      0.00      0.00      0.00      0.00      0.00
02:02:52 AM      eno1    279.00      3.00     16.40      0.23      0.00      0.00      2.00      0.00
02:02:52 AM    eno1d1 231005.00 279758.00  42412.00 213709.56      0.00      0.00      1.00     17.51

02:02:52 AM     IFACE   rxpck/s   txpck/s    rxkB/s    txkB/s   rxcmp/s   txcmp/s  rxmcst/s   %ifutil
02:02:53 AM        lo      0.00      0.00      0.00      0.00      0.00      0.00      0.00      0.00
02:02:53 AM      eno1    265.00      1.00     15.87      0.10      0.00      0.00      2.00      0.00
02:02:53 AM    eno1d1 232543.00 281472.00  42592.24 215807.77      0.00      0.00      0.00     17.68

02:02:53 AM     IFACE   rxpck/s   txpck/s    rxkB/s    txkB/s   rxcmp/s   txcmp/s  rxmcst/s   %ifutil
02:02:54 AM        lo      0.00      0.00      0.00      0.00      0.00      0.00      0.00      0.00
02:02:54 AM      eno1     84.00      2.00      4.92      0.22      0.00      0.00      3.00      0.00
02:02:54 AM    eno1d1 222710.00 269447.00  40652.17 206877.19      0.00      0.00      1.00     16.95

02:02:54 AM     IFACE   rxpck/s   txpck/s    rxkB/s    txkB/s   rxcmp/s   txcmp/s  rxmcst/s   %ifutil
02:02:55 AM        lo      0.00      0.00      0.00      0.00      0.00      0.00      0.00      0.00
02:02:55 AM      eno1    288.00      1.00     16.88      0.06      0.00      0.00      2.00      0.00
02:02:55 AM    eno1d1 222262.00 269872.00  40559.82 208826.87      0.00      0.00      0.00     17.11

02:02:55 AM     IFACE   rxpck/s   txpck/s    rxkB/s    txkB/s   rxcmp/s   txcmp/s  rxmcst/s   %ifutil
02:02:56 AM        lo      0.00      0.00      0.00      0.00      0.00      0.00      0.00      0.00
02:02:56 AM      eno1     43.00      0.00      2.52      0.00      0.00      0.00      3.00      0.00
02:02:56 AM    eno1d1 217477.00 263691.00  39785.25 204414.24      0.00      0.00      0.00     16.75

02:02:56 AM     IFACE   rxpck/s   txpck/s    rxkB/s    txkB/s   rxcmp/s   txcmp/s  rxmcst/s   %ifutil
02:02:57 AM        lo      0.00      0.00      0.00      0.00      0.00      0.00      0.00      0.00
02:02:57 AM      eno1    161.00      0.00      9.43      0.00      0.00      0.00      2.00      0.00
02:02:57 AM    eno1d1 220312.00 269748.00  40062.90 209353.47      0.00      0.00      1.00     17.15

02:02:57 AM     IFACE   rxpck/s   txpck/s    rxkB/s    txkB/s   rxcmp/s   txcmp/s  rxmcst/s   %ifutil
02:02:58 AM        lo      0.00      0.00      0.00      0.00      0.00      0.00      0.00      0.00
02:02:58 AM      eno1     65.00      1.00      3.83      0.08      0.00      0.00      1.00      0.00
02:02:58 AM    eno1d1 216716.00 263408.00  39444.05 204575.69      0.00      0.00      1.00     16.76

02:02:58 AM     IFACE   rxpck/s   txpck/s    rxkB/s    txkB/s   rxcmp/s   txcmp/s  rxmcst/s   %ifutil
02:02:59 AM        lo      0.00      0.00      0.00      0.00      0.00      0.00      0.00      0.00
02:02:59 AM      eno1    306.00      0.00     19.28      0.00      0.00      0.00      2.00      0.00
02:02:59 AM    eno1d1 216782.00 264977.00  39474.66 206740.20      0.00      0.00      0.00     16.94

02:02:59 AM     IFACE   rxpck/s   txpck/s    rxkB/s    txkB/s   rxcmp/s   txcmp/s  rxmcst/s   %ifutil
02:03:00 AM        lo      0.00      0.00      0.00      0.00      0.00      0.00      0.00      0.00
02:03:00 AM      eno1    110.00     15.00      7.72      3.00      0.00      0.00     34.00      0.00
02:03:00 AM    eno1d1 219538.00 269177.00  39928.68 209460.72      0.00      0.00      2.00     17.16

02:03:00 AM     IFACE   rxpck/s   txpck/s    rxkB/s    txkB/s   rxcmp/s   txcmp/s  rxmcst/s   %ifutil
02:03:01 AM        lo      0.00      0.00      0.00      0.00      0.00      0.00      0.00      0.00
02:03:01 AM      eno1    185.00      0.00     10.84      0.00      0.00      0.00     19.00      0.00
02:03:01 AM    eno1d1 224243.00 276102.00  40926.17 216088.55      0.00      0.00      0.00     17.70

02:03:01 AM     IFACE   rxpck/s   txpck/s    rxkB/s    txkB/s   rxcmp/s   txcmp/s  rxmcst/s   %ifutil
02:03:02 AM        lo      0.00      0.00      0.00      0.00      0.00      0.00      0.00      0.00
02:03:02 AM      eno1    139.00      1.00      8.14      0.06      0.00      0.00     91.00      0.00
02:03:02 AM    eno1d1 217556.00 268181.00  39709.63 210303.12      0.00      0.00      1.00     17.23

02:03:02 AM     IFACE   rxpck/s   txpck/s    rxkB/s    txkB/s   rxcmp/s   txcmp/s  rxmcst/s   %ifutil
02:03:03 AM        lo      0.00      0.00      0.00      0.00      0.00      0.00      0.00      0.00
02:03:03 AM      eno1    222.00      0.00     13.01      0.00      0.00      0.00    136.00      0.00
02:03:03 AM    eno1d1 213854.00 264022.00  38994.06 206988.36      0.00      0.00      0.00     16.96

02:03:03 AM     IFACE   rxpck/s   txpck/s    rxkB/s    txkB/s   rxcmp/s   txcmp/s  rxmcst/s   %ifutil
02:03:04 AM        lo      0.00      0.00      0.00      0.00      0.00      0.00      0.00      0.00
02:03:04 AM      eno1    133.00      1.00      7.81      0.08      0.00      0.00    120.00      0.00
02:03:04 AM    eno1d1 202923.00 248272.00  36789.10 194874.14      0.00      0.00      1.00     15.96

02:03:04 AM     IFACE   rxpck/s   txpck/s    rxkB/s    txkB/s   rxcmp/s   txcmp/s  rxmcst/s   %ifutil
02:03:05 AM        lo      0.00      0.00      0.00      0.00      0.00      0.00      0.00      0.00
02:03:05 AM      eno1    118.00      0.00      6.91      0.00      0.00      0.00    331.00      0.00
02:03:05 AM    eno1d1 214066.00 263963.00  38977.36 207680.41      0.00      0.00      0.00     17.01

02:03:05 AM     IFACE   rxpck/s   txpck/s    rxkB/s    txkB/s   rxcmp/s   txcmp/s  rxmcst/s   %ifutil
02:03:06 AM        lo      0.00      0.00      0.00      0.00      0.00      0.00      0.00      0.00
02:03:06 AM      eno1    171.00      0.00     10.02      0.00      0.00      0.00    631.00      0.00
02:03:06 AM    eno1d1 215654.00 264962.00  39152.21 208387.39      0.00      0.00      0.00     17.07

02:03:06 AM     IFACE   rxpck/s   txpck/s    rxkB/s    txkB/s   rxcmp/s   txcmp/s  rxmcst/s   %ifutil
02:03:07 AM        lo      0.00      0.00      0.00      0.00      0.00      0.00      0.00      0.00
02:03:07 AM      eno1    119.00      0.00      7.24      0.00      0.00      0.00    476.00      0.00
02:03:07 AM    eno1d1 213632.00 263148.00  38830.47 207436.85      0.00      0.00      1.00     16.99

02:03:07 AM     IFACE   rxpck/s   txpck/s    rxkB/s    txkB/s   rxcmp/s   txcmp/s  rxmcst/s   %ifutil
02:03:08 AM        lo      0.00      0.00      0.00      0.00      0.00      0.00      0.00      0.00
02:03:08 AM      eno1    172.00      0.00     10.08      0.00      0.00      0.00    742.00      0.00
02:03:08 AM    eno1d1 215907.00 265413.00  39176.86 208471.20      0.00      0.00      0.00     17.08

02:03:08 AM     IFACE   rxpck/s   txpck/s    rxkB/s    txkB/s   rxcmp/s   txcmp/s  rxmcst/s   %ifutil
02:03:09 AM        lo      0.00      0.00      0.00      0.00      0.00      0.00      0.00      0.00
02:03:09 AM      eno1    184.00      1.00     11.04      0.06      0.00      0.00    888.00      0.00
02:03:09 AM    eno1d1 211093.00 260772.00  38372.38 206469.99      0.00      0.00      1.00     16.91

02:03:09 AM     IFACE   rxpck/s   txpck/s    rxkB/s    txkB/s   rxcmp/s   txcmp/s  rxmcst/s   %ifutil
02:03:10 AM        lo      0.00      0.00      0.00      0.00      0.00      0.00      0.00      0.00
02:03:10 AM      eno1    287.00      0.00     16.82      0.00      0.00      0.00    699.00      0.00
02:03:10 AM    eno1d1 212802.00 262437.00  38611.90 206412.90      0.00      0.00      0.00     16.91

02:03:10 AM     IFACE   rxpck/s   txpck/s    rxkB/s    txkB/s   rxcmp/s   txcmp/s  rxmcst/s   %ifutil
02:03:11 AM        lo      0.00      0.00      0.00      0.00      0.00      0.00      0.00      0.00
02:03:11 AM      eno1    262.00      1.00     15.35      0.06      0.00      0.00    590.00      0.00
02:03:11 AM    eno1d1 204549.00 252212.00  37114.43 199193.66      0.00      0.00      1.00     16.32

02:03:11 AM     IFACE   rxpck/s   txpck/s    rxkB/s    txkB/s   rxcmp/s   txcmp/s  rxmcst/s   %ifutil
02:03:12 AM        lo      0.00      0.00      0.00      0.00      0.00      0.00      0.00      0.00
02:03:12 AM      eno1    221.00      2.00     12.95      0.12      0.00      0.00    705.00      0.00
02:03:12 AM    eno1d1 211701.00 259947.00  38278.44 205262.72      0.00      0.00      1.00     16.82

02:03:12 AM     IFACE   rxpck/s   txpck/s    rxkB/s    txkB/s   rxcmp/s   txcmp/s  rxmcst/s   %ifutil
02:03:13 AM        lo      0.00      0.00      0.00      0.00      0.00      0.00      0.00      0.00
02:03:13 AM      eno1    190.00      0.00     11.40      0.00      0.00      0.00    974.00      0.00
02:03:13 AM    eno1d1 150519.00 183735.00  26973.27 144909.31      0.00      0.00      0.00     11.87

02:03:13 AM     IFACE   rxpck/s   txpck/s    rxkB/s    txkB/s   rxcmp/s   txcmp/s  rxmcst/s   %ifutil
02:03:14 AM        lo      0.00      0.00      0.00      0.00      0.00      0.00      0.00      0.00
02:03:14 AM      eno1    113.00      1.00      6.62      0.06      0.00      0.00    477.00      0.00
02:03:14 AM    eno1d1      9.00     10.00      2.13      8.83      0.00      0.00      1.00      0.00

Average:        IFACE   rxpck/s   txpck/s    rxkB/s    txkB/s   rxcmp/s   txcmp/s  rxmcst/s   %ifutil
Average:           lo      0.00      0.00      0.00      0.00      0.00      0.00      0.00      0.00
Average:         eno1    175.53      1.50     10.49      0.25      0.00      0.00    231.50      0.00
Average:       eno1d1 204245.03 247700.50  37302.14 190836.48      0.00      0.00      0.53     15.63
