Linux 6.8.0-71-generic (node2.kvsrun.utah-cs6450-pg0.utah.cloudlab.us) 	09/06/2025 	_x86_64_	(16 CPU)

02:02:44 AM kbmemfree   kbavail kbmemused  %memused kbbuffers  kbcached  kbcommit   %commit  kbactive   kbinact   kbdirty
02:02:45 AM  63892340  64310472    580068      0.88     63104    934796    707404      0.95    318756    786028      1296
02:02:46 AM  63819776  64237940    651300      0.99     63104    934796    783292      1.06    380620    786028      1316
02:02:47 AM  63789160  64207324    681884      1.04     63104    934796    812400      1.10    402072    786028      1316
02:02:48 AM  63774268  64192440    696832      1.06     63112    934796    821512      1.11    410692    786036      1320
02:02:49 AM  63762680  64180852    708388      1.08     63112    934796    828264      1.12    419692    786036      1344
02:02:50 AM  63751792  64169964    719128      1.09     63112    934796    849164      1.15    426308    786036      1324
02:02:51 AM  63738272  64156448    732644      1.11     63112    934800    853516      1.15    435712    786036      1344
02:02:52 AM  63731580  64149756    739416      1.13     63112    934800    861964      1.16    441356    786036      1344
02:02:53 AM  63720676  64138852    750264      1.14     63112    934800    870492      1.17    450028    786036      1316
02:02:54 AM  63718304  64136488    752612      1.15     63120    934800    867252      1.17    449764    786044      1348
02:02:55 AM  63707108  64125296    763900      1.16     63120    934804    875444      1.18    458288    786048      1328
02:02:56 AM  63703732  64121920    767148      1.17     63120    934804    875444      1.18    459008    786048      1348
02:02:57 AM  63702676  64120864    768328      1.17     63120    934804    883768      1.19    460436    786048      1348
02:02:58 AM  63699920  64118108    771020      1.17     63120    934804    891960      1.20    462016    786048      1348
02:02:59 AM  63690884  64109080    780012      1.19     63128    934808    891960      1.20    469472    786056      1340
02:03:00 AM  63690696  64108896    780216      1.19     63128    934808    892536      1.20    469780    786056      1404
02:03:01 AM  63689724  64107924    781108      1.19     63128    934808    892536      1.20    469968    786056      1400
02:03:02 AM  63685948  64104152    784868      1.19     63128    934808    900728      1.22    473900    786060        40
02:03:03 AM  63682924  64101128    787972      1.20     63128    934808    900728      1.22    473960    786060        40
02:03:04 AM  63678448  64096652    792576      1.21     63128    934808    900728      1.22    478100    786060        40
02:03:05 AM  63671412  64089620    799544      1.22     63128    934812    908992      1.23    485820    786064        28
02:03:06 AM  63669980  64088188    800872      1.22     63136    934812    908992      1.23    485924    786064        24
02:03:07 AM  63670624  64088832    800500      1.22     63136    934812    908992      1.23    486044    786064        40
02:03:08 AM  63662944  64081160    808004      1.23     63136    934812    921412      1.24    488776    786072        40
02:03:09 AM  63663460  64081676    807520      1.23     63136    934812    921668      1.24    489976    786072        40
02:03:10 AM  63661400  64079616    809484      1.23     63136    934812    925764      1.25    492096    786072        40
02:03:11 AM  63658860  64077076    812088      1.24     63136    934812    925764      1.25    495076    786072         4
02:03:12 AM  63659960  64078176    810976      1.23     63136    934816    925764      1.25    495076    786072        24
02:03:13 AM  63662040  64080188    811912      1.24     63136    934816    925764      1.25    495076    786072        24
02:03:14 AM  63660884  64079016    813540      1.24     63136    934816    928740      1.25    496004    786072        24
Average:     63709082  64127270    762137      1.16     63123    934806    878765      1.19    457327    786053       773
