Linux 6.8.0-71-generic (node0.kvsrun.utah-cs6450-pg0.utah.cloudlab.us) 	09/06/2025 	_x86_64_	(16 CPU)

02:02:44 AM       DEV       tps     rkB/s     wkB/s     dkB/s   areq-sz    aqu-sz     await     %util
02:02:45 AM     loop0      0.00      0.00      0.00      0.00      0.00      0.00      0.00      0.00
02:02:45 AM   nvme0n1     36.00      0.00    428.00      0.00     11.89      0.07      1.33      3.70

02:02:45 AM       DEV       tps     rkB/s     wkB/s     dkB/s   areq-sz    aqu-sz     await     %util
02:02:46 AM     loop0      0.00      0.00      0.00      0.00      0.00      0.00      0.00      0.00
02:02:46 AM   nvme0n1     11.00      0.00     60.00      0.00      5.45      0.02      0.91      0.70

02:02:46 AM       DEV       tps     rkB/s     wkB/s     dkB/s   areq-sz    aqu-sz     await     %util
02:02:47 AM     loop0      0.00      0.00      0.00      0.00      0.00      0.00      0.00      0.00
02:02:47 AM   nvme0n1      0.00      0.00      0.00      0.00      0.00      0.00      0.00      0.00

02:02:47 AM       DEV       tps     rkB/s     wkB/s     dkB/s   areq-sz    aqu-sz     await     %util
02:02:48 AM     loop0      0.00      0.00      0.00      0.00      0.00      0.00      0.00      0.00
02:02:48 AM   nvme0n1      6.00      0.00     84.00      0.00     14.00      0.01      1.50      0.90

02:02:48 AM       DEV       tps     rkB/s     wkB/s     dkB/s   areq-sz    aqu-sz     await     %util
02:02:49 AM     loop0      0.00      0.00      0.00      0.00      0.00      0.00      0.00      0.00
02:02:49 AM   nvme0n1      6.00      0.00     56.00      0.00      9.33      0.01      1.33      0.80

02:02:49 AM       DEV       tps     rkB/s     wkB/s     dkB/s   areq-sz    aqu-sz     await     %util
02:02:50 AM     loop0      0.00      0.00      0.00      0.00      0.00      0.00      0.00      0.00
02:02:50 AM   nvme0n1     60.00      0.00    292.00      0.00      4.87      0.04      0.50      1.00

02:02:50 AM       DEV       tps     rkB/s     wkB/s     dkB/s   areq-sz    aqu-sz     await     %util
02:02:51 AM     loop0      0.00      0.00      0.00      0.00      0.00      0.00      0.00      0.00
02:02:51 AM   nvme0n1      9.00      0.00     52.00      0.00      5.78      0.01      1.11      0.50

02:02:51 AM       DEV       tps     rkB/s     wkB/s     dkB/s   areq-sz    aqu-sz     await     %util
02:02:52 AM     loop0      0.00      0.00      0.00      0.00      0.00      0.00      0.00      0.00
02:02:52 AM   nvme0n1      0.00      0.00      0.00      0.00      0.00      0.00      0.00      0.00

02:02:52 AM       DEV       tps     rkB/s     wkB/s     dkB/s   areq-sz    aqu-sz     await     %util
02:02:53 AM     loop0      0.00      0.00      0.00      0.00      0.00      0.00      0.00      0.00
02:02:53 AM   nvme0n1      0.00      0.00      0.00      0.00      0.00      0.00      0.00      0.00

02:02:53 AM       DEV       tps     rkB/s     wkB/s     dkB/s   areq-sz    aqu-sz     await     %util
02:02:54 AM     loop0      0.00      0.00      0.00      0.00      0.00      0.00      0.00      0.00
02:02:54 AM   nvme0n1      0.00      0.00      0.00      0.00      0.00      0.00      0.00      0.00

02:02:54 AM       DEV       tps     rkB/s     wkB/s     dkB/s   areq-sz    aqu-sz     await     %util
02:02:55 AM     loop0      0.00      0.00      0.00      0.00      0.00      0.00      0.00      0.00
02:02:55 AM   nvme0n1     17.00      0.00    132.00      0.00      7.76      0.01      0.59      1.00

02:02:55 AM       DEV       tps     rkB/s     wkB/s     dkB/s   areq-sz    aqu-sz     await     %util
02:02:56 AM     loop0      0.00      0.00      0.00      0.00      0.00      0.00      0.00      0.00
02:02:56 AM   nvme0n1     14.00      0.00     88.00      0.00      6.29      0.01      0.36      0.40

02:02:56 AM       DEV       tps     rkB/s     wkB/s     dkB/s   areq-sz    aqu-sz     await     %util
02:02:57 AM     loop0      0.00      0.00      0.00      0.00      0.00      0.00      0.00      0.00
02:02:57 AM   nvme0n1      0.00      0.00      0.00      0.00      0.00      0.00      0.00      0.00

02:02:57 AM       DEV       tps     rkB/s     wkB/s     dkB/s   areq-sz    aqu-sz     await     %util
02:02:58 AM     loop0      0.00      0.00      0.00      0.00      0.00      0.00      0.00      0.00
02:02:58 AM   nvme0n1      0.00      0.00      0.00      0.00      0.00      0.00      0.00      0.00

02:02:58 AM       DEV       tps     rkB/s     wkB/s     dkB/s   areq-sz    aqu-sz     await     %util
02:02:59 AM     loop0      0.00      0.00      0.00      0.00      0.00      0.00      0.00      0.00
02:02:59 AM   nvme0n1      0.00      0.00      0.00      0.00      0.00      0.00      0.00      0.00

02:02:59 AM       DEV       tps     rkB/s     wkB/s     dkB/s   areq-sz    aqu-sz     await     %util
02:03:00 AM     loop0      0.00      0.00      0.00      0.00      0.00      0.00      0.00      0.00
02:03:00 AM   nvme0n1     13.00      0.00     80.00      0.00      6.15      0.02      1.23      0.90

02:03:00 AM       DEV       tps     rkB/s     wkB/s     dkB/s   areq-sz    aqu-sz     await     %util
02:03:01 AM     loop0      0.00      0.00      0.00      0.00      0.00      0.00      0.00      0.00
02:03:01 AM   nvme0n1     20.00      0.00    116.00      0.00      5.80      0.03      0.95      1.10

02:03:01 AM       DEV       tps     rkB/s     wkB/s     dkB/s   areq-sz    aqu-sz     await     %util
02:03:02 AM     loop0      0.00      0.00      0.00      0.00      0.00      0.00      0.00      0.00
02:03:02 AM   nvme0n1      6.00      0.00     24.00      0.00      4.00      0.00      0.17      0.00

02:03:02 AM       DEV       tps     rkB/s     wkB/s     dkB/s   areq-sz    aqu-sz     await     %util
02:03:03 AM     loop0      0.00      0.00      0.00      0.00      0.00      0.00      0.00      0.00
02:03:03 AM   nvme0n1      0.00      0.00      0.00      0.00      0.00      0.00      0.00      0.00

02:03:03 AM       DEV       tps     rkB/s     wkB/s     dkB/s   areq-sz    aqu-sz     await     %util
02:03:04 AM     loop0      0.00      0.00      0.00      0.00      0.00      0.00      0.00      0.00
02:03:04 AM   nvme0n1      0.00      0.00      0.00      0.00      0.00      0.00      0.00      0.00

02:03:04 AM       DEV       tps     rkB/s     wkB/s     dkB/s   areq-sz    aqu-sz     await     %util
02:03:05 AM     loop0      0.00      0.00      0.00      0.00      0.00      0.00      0.00      0.00
02:03:05 AM   nvme0n1     47.00      0.00    300.00      0.00      6.38      0.01      0.28      0.70

02:03:05 AM       DEV       tps     rkB/s     wkB/s     dkB/s   areq-sz    aqu-sz     await     %util
02:03:06 AM     loop0      0.00      0.00      0.00      0.00      0.00      0.00      0.00      0.00
02:03:06 AM   nvme0n1     16.00      0.00    120.00      0.00      7.50      0.01      0.56      0.80

02:03:06 AM       DEV       tps     rkB/s     wkB/s     dkB/s   areq-sz    aqu-sz     await     %util
02:03:07 AM     loop0      0.00      0.00      0.00      0.00      0.00      0.00      0.00      0.00
02:03:07 AM   nvme0n1      0.00      0.00      0.00      0.00      0.00      0.00      0.00      0.00

02:03:07 AM       DEV       tps     rkB/s     wkB/s     dkB/s   areq-sz    aqu-sz     await     %util
02:03:08 AM     loop0      0.00      0.00      0.00      0.00      0.00      0.00      0.00      0.00
02:03:08 AM   nvme0n1      5.00      0.00     20.00      0.00      4.00      0.00      0.00      0.00

02:03:08 AM       DEV       tps     rkB/s     wkB/s     dkB/s   areq-sz    aqu-sz     await     %util
02:03:09 AM     loop0      0.00      0.00      0.00      0.00      0.00      0.00      0.00      0.00
02:03:09 AM   nvme0n1      1.00      0.00      4.00      0.00      4.00      0.00      0.00      0.00

02:03:09 AM       DEV       tps     rkB/s     wkB/s     dkB/s   areq-sz    aqu-sz     await     %util
02:03:10 AM     loop0      0.00      0.00      0.00      0.00      0.00      0.00      0.00      0.00
02:03:10 AM   nvme0n1      0.00      0.00      0.00      0.00      0.00      0.00      0.00      0.00

02:03:10 AM       DEV       tps     rkB/s     wkB/s     dkB/s   areq-sz    aqu-sz     await     %util
02:03:11 AM     loop0      0.00      0.00      0.00      0.00      0.00      0.00      0.00      0.00
02:03:11 AM   nvme0n1     24.00      0.00    180.00      0.00      7.50      0.04      1.08      1.90

02:03:11 AM       DEV       tps     rkB/s     wkB/s     dkB/s   areq-sz    aqu-sz     await     %util
02:03:12 AM     loop0      0.00      0.00      0.00      0.00      0.00      0.00      0.00      0.00
02:03:12 AM   nvme0n1      0.00      0.00      0.00      0.00      0.00      0.00      0.00      0.00

02:03:12 AM       DEV       tps     rkB/s     wkB/s     dkB/s   areq-sz    aqu-sz     await     %util
02:03:13 AM     loop0      0.00      0.00      0.00      0.00      0.00      0.00      0.00      0.00
02:03:13 AM   nvme0n1     15.00      0.00    216.00      0.00     14.40      0.03      1.33      0.60

02:03:13 AM       DEV       tps     rkB/s     wkB/s     dkB/s   areq-sz    aqu-sz     await     %util
02:03:14 AM     loop0      0.00      0.00      0.00      0.00      0.00      0.00      0.00      0.00
02:03:14 AM   nvme0n1     10.00      0.00     96.00      0.00      9.60      0.01      0.50      0.40

Average:          DEV       tps     rkB/s     wkB/s     dkB/s   areq-sz    aqu-sz     await     %util
Average:        loop0      0.00      0.00      0.00      0.00      0.00      0.00      0.00      0.00
Average:      nvme0n1     10.53      0.00     78.27      0.00      7.43      0.01      0.76      0.51
