Linux 6.8.0-71-generic (node0.kvsrun.utah-cs6450-pg0.utah.cloudlab.us) 	09/06/2025 	_x86_64_	(16 CPU)

02:02:44 AM kbmemfree   kbavail kbmemused  %memused kbbuffers  kbcached  kbcommit   %commit  kbactive   kbinact   kbdirty
02:02:45 AM  61281200  63438944   1356464      2.06    208844   2454104   1413348      1.91   1139576   2367060       724
02:02:46 AM  61205000  63362804   1432016      2.18    208852   2454124   1484228      2.00   1203148   2367088       776
02:02:47 AM  61176816  63334620   1460240      2.22    208852   2454124   1503356      2.03   1223240   2367088       792
02:02:48 AM  61168620  63326436   1468376      2.23    208868   2454120   1511852      2.04   1231564   2367100       796
02:02:49 AM  61153808  63311656   1483104      2.26    208880   2454140   1519112      2.05   1241180   2367132       796
02:02:50 AM  61140872  63298732   1495952      2.28    208892   2454140   1529024      2.06   1248064   2367144       608
02:02:51 AM  61135424  63293292   1501364      2.28    208900   2454140   1544268      2.08   1252192   2367152       624
02:02:52 AM  61127808  63285676   1508916      2.30    208900   2454140   1552592      2.10   1259496   2367152       624
02:02:53 AM  61123880  63281748   1512876      2.30    208900   2454140   1556816      2.10   1264636   2367152       624
02:02:54 AM  61116472  63274340   1520348      2.31    208900   2454140   1565720      2.11   1270128   2367152       624
02:02:55 AM  61111688  63269572   1525140      2.32    208916   2454148   1565976      2.11   1272756   2367168       624
02:02:56 AM  61107396  63265304   1529256      2.33    208924   2454156   1570072      2.12   1276540   2367192       604
02:02:57 AM  61101904  63259812   1534844      2.34    208924   2454156   1574168      2.12   1281228   2367192       624
02:02:58 AM  61100256  63258164   1536476      2.34    208924   2454156   1578244      2.13   1282872   2367192       624
02:02:59 AM  61098816  63256724   1537752      2.34    208924   2454160   1578244      2.13   1283232   2367192       628
02:03:00 AM  61086452  63244364   1550212      2.36    208932   2454152   1586584      2.14   1292292   2367196       624
02:03:01 AM  61085264  63243208   1551492      2.36    208948   2454172   1586584      2.14   1292576   2367228       624
02:03:02 AM  61082360  63240308   1554252      2.37    208948   2454172   1590752      2.15   1295352   2367232       604
02:03:03 AM  61079324  63237272   1557368      2.37    208948   2454172   1594848      2.15   1298864   2367232       620
02:03:04 AM  61079132  63237080   1557592      2.37    208948   2454172   1595064      2.15   1299428   2367232       620
02:03:05 AM  61076244  63234200   1560336      2.37    208956   2454180   1595064      2.15   1300904   2367240       424
02:03:06 AM  61074596  63232572   1562092      2.38    208968   2454188   1603576      2.16   1302684   2367260       444
02:03:07 AM  61067568  63225552   1569164      2.39    208968   2454188   1606680      2.17   1309120   2367268       444
02:03:08 AM  61071856  63229840   1564760      2.38    208968   2454188   1603704      2.16   1310692   2367268       480
02:03:09 AM  61073924  63231908   1562772      2.38    208968   2454188   1603704      2.16   1310696   2367268       496
02:03:10 AM  61075656  63233640   1561104      2.38    208968   2454188   1603704      2.16   1310696   2367268       496
02:03:11 AM  61068764  63226776   1567904      2.39    208996   2454188   1607800      2.17   1315784   2367296       516
02:03:12 AM  61069116  63227124   1567412      2.39    208996   2454188   1607800      2.17   1316528   2367292       524
02:03:13 AM  61080284  63238344   1559052      2.37    209008   2454256   1606576      2.17   1313880   2367376       556
02:03:14 AM  61316200  63474232   1323380      2.01    209012   2454252   1142160      1.54   1087624   2367380       840
Average:     61117890  63275808   1519067      2.31    208931   2454164   1552721      2.10   1269566   2367206       613
