Linux 6.8.0-71-generic (node0.kvsrun.utah-cs6450-pg0.utah.cloudlab.us) 	09/06/2025 	_x86_64_	(16 CPU)

02:02:44 AM     IFACE   rxpck/s   txpck/s    rxkB/s    txkB/s   rxcmp/s   txcmp/s  rxmcst/s   %ifutil
02:02:45 AM        lo     28.00     28.00      2.90      2.90      0.00      0.00      0.00      0.00
02:02:45 AM      eno1    139.00     18.00     10.12      3.50      0.00      0.00      5.00      0.00
02:02:45 AM    eno1d1   9620.00   9379.00   1434.47   4612.10      0.00      0.00      0.00      0.38

02:02:45 AM     IFACE   rxpck/s   txpck/s    rxkB/s    txkB/s   rxcmp/s   txcmp/s  rxmcst/s   %ifutil
02:02:46 AM        lo     17.00     17.00      1.52      1.52      0.00      0.00      0.00      0.00
02:02:46 AM      eno1    203.00     14.00     12.41      2.32      0.00      0.00      0.00      0.00
02:02:46 AM    eno1d1 270484.00 312000.00  49708.25 219476.94      0.00      0.00      1.00     17.98

02:02:46 AM     IFACE   rxpck/s   txpck/s    rxkB/s    txkB/s   rxcmp/s   txcmp/s  rxmcst/s   %ifutil
02:02:47 AM        lo     10.00     10.00      0.90      0.90      0.00      0.00      0.00      0.00
02:02:47 AM      eno1    185.00      9.00     11.18      1.22      0.00      0.00      2.00      0.00
02:02:47 AM    eno1d1 294015.00 349471.00  53667.44 257702.12      0.00      0.00      0.00     21.11

02:02:47 AM     IFACE   rxpck/s   txpck/s    rxkB/s    txkB/s   rxcmp/s   txcmp/s  rxmcst/s   %ifutil
02:02:48 AM        lo     14.00     14.00      1.29      1.29      0.00      0.00      0.00      0.00
02:02:48 AM      eno1    160.00      8.00     10.63      1.13      0.00      0.00      2.00      0.00
02:02:48 AM    eno1d1 287069.00 345356.00  52275.47 259440.20      0.00      0.00      0.00     21.25

02:02:48 AM     IFACE   rxpck/s   txpck/s    rxkB/s    txkB/s   rxcmp/s   txcmp/s  rxmcst/s   %ifutil
02:02:49 AM        lo     11.00     11.00      0.98      0.98      0.00      0.00      0.00      0.00
02:02:49 AM      eno1    118.00      5.00      7.16      0.76      0.00      0.00      1.00      0.00
02:02:49 AM    eno1d1 277548.00 336684.00  50400.89 255310.07      0.00      0.00      1.00     20.92

02:02:49 AM     IFACE   rxpck/s   txpck/s    rxkB/s    txkB/s   rxcmp/s   txcmp/s  rxmcst/s   %ifutil
02:02:50 AM        lo     21.00     21.00      1.83      1.83      0.00      0.00      0.00      0.00
02:02:50 AM      eno1    181.00      9.00     11.13      1.30      0.00      0.00      2.00      0.00
02:02:50 AM    eno1d1 268624.00 327531.00  48811.09 251432.68      0.00      0.00      1.00     20.60

02:02:50 AM     IFACE   rxpck/s   txpck/s    rxkB/s    txkB/s   rxcmp/s   txcmp/s  rxmcst/s   %ifutil
02:02:51 AM        lo     17.00     17.00      1.47      1.47      0.00      0.00      0.00      0.00
02:02:51 AM      eno1    224.00      9.00     13.47      1.26      0.00      0.00      3.00      0.00
02:02:51 AM    eno1d1 277059.00 339481.00  50281.11 261747.85      0.00      0.00      0.00     21.44

02:02:51 AM     IFACE   rxpck/s   txpck/s    rxkB/s    txkB/s   rxcmp/s   txcmp/s  rxmcst/s   %ifutil
02:02:52 AM        lo     10.00     10.00      0.86      0.86      0.00      0.00      0.00      0.00
02:02:52 AM      eno1    283.00      4.00     17.07      0.64      0.00      0.00      3.00      0.00
02:02:52 AM    eno1d1 274899.00 337642.00  49835.67 260903.00      0.00      0.00      1.00     21.37

02:02:52 AM     IFACE   rxpck/s   txpck/s    rxkB/s    txkB/s   rxcmp/s   txcmp/s  rxmcst/s   %ifutil
02:02:53 AM        lo      9.90      9.90      0.85      0.85      0.00      0.00      0.00      0.00
02:02:53 AM      eno1    265.35      4.95     15.77      0.70      0.00      0.00      1.98      0.00
02:02:53 AM    eno1d1 272807.92 336462.38  49343.33 260772.69      0.00      0.00      0.00     21.36

02:02:53 AM     IFACE   rxpck/s   txpck/s    rxkB/s    txkB/s   rxcmp/s   txcmp/s  rxmcst/s   %ifutil
02:02:54 AM        lo     10.00     10.00      0.86      0.86      0.00      0.00      0.00      0.00
02:02:54 AM      eno1     57.00      5.00      3.56      0.70      0.00      0.00      2.00      0.00
02:02:54 AM    eno1d1 266483.00 328750.00  48120.53 254822.61      0.00      0.00      1.00     20.88

02:02:54 AM     IFACE   rxpck/s   txpck/s    rxkB/s    txkB/s   rxcmp/s   txcmp/s  rxmcst/s   %ifutil
02:02:55 AM        lo     20.00     20.00      1.72      1.72      0.00      0.00      0.00      0.00
02:02:55 AM      eno1    330.00      9.00     19.85      1.26      0.00      0.00      3.00      0.00
02:02:55 AM    eno1d1 259561.00 320175.00  46908.55 250440.06      0.00      0.00      0.00     20.52

02:02:55 AM     IFACE   rxpck/s   txpck/s    rxkB/s    txkB/s   rxcmp/s   txcmp/s  rxmcst/s   %ifutil
02:02:56 AM        lo     20.00     20.00      1.78      1.78      0.00      0.00      0.00      0.00
02:02:56 AM      eno1     57.00      9.00      3.80      1.39      0.00      0.00      2.00      0.00
02:02:56 AM    eno1d1 260958.00 323206.00  47119.69 252114.61      0.00      0.00      1.00     20.65

02:02:56 AM     IFACE   rxpck/s   txpck/s    rxkB/s    txkB/s   rxcmp/s   txcmp/s  rxmcst/s   %ifutil
02:02:57 AM        lo     10.00     10.00      0.86      0.86      0.00      0.00      0.00      0.00
02:02:57 AM      eno1    167.00      4.00     10.01      0.64      0.00      0.00      2.00      0.00
02:02:57 AM    eno1d1 257011.00 318024.00  46320.87 248449.01      0.00      0.00      1.00     20.35

02:02:57 AM     IFACE   rxpck/s   txpck/s    rxkB/s    txkB/s   rxcmp/s   txcmp/s  rxmcst/s   %ifutil
02:02:58 AM        lo     10.00     10.00      0.86      0.86      0.00      0.00      0.00      0.00
02:02:58 AM      eno1     72.00      7.00      4.47      0.84      0.00      0.00      1.00      0.00
02:02:58 AM    eno1d1 256826.00 317967.00  46273.59 248967.88      0.00      0.00      0.00     20.40

02:02:58 AM     IFACE   rxpck/s   txpck/s    rxkB/s    txkB/s   rxcmp/s   txcmp/s  rxmcst/s   %ifutil
02:02:59 AM        lo     10.00     10.00      0.86      0.86      0.00      0.00      0.00      0.00
02:02:59 AM      eno1    312.00      5.00     19.85      0.71      0.00      0.00      2.00      0.00
02:02:59 AM    eno1d1 257692.00 320230.00  46495.22 251235.96      0.00      0.00      1.00     20.58

02:02:59 AM     IFACE   rxpck/s   txpck/s    rxkB/s    txkB/s   rxcmp/s   txcmp/s  rxmcst/s   %ifutil
02:03:00 AM        lo     22.00     22.00      1.82      1.82      0.00      0.00      0.00      0.00
02:03:00 AM      eno1    107.00     11.00      6.78      1.39      0.00      0.00     34.00      0.00
02:03:00 AM    eno1d1 257087.00 318927.00  46321.18 250732.07      0.00      0.00      0.00     20.54

02:03:00 AM     IFACE   rxpck/s   txpck/s    rxkB/s    txkB/s   rxcmp/s   txcmp/s  rxmcst/s   %ifutil
02:03:01 AM        lo     17.00     17.00      1.53      1.53      0.00      0.00      0.00      0.00
02:03:01 AM      eno1    195.00      7.00     11.80      1.18      0.00      0.00     19.00      0.00
02:03:01 AM    eno1d1 266045.00 332673.00  48082.52 262015.83      0.00      0.00      1.00     21.46

02:03:01 AM     IFACE   rxpck/s   txpck/s    rxkB/s    txkB/s   rxcmp/s   txcmp/s  rxmcst/s   %ifutil
02:03:02 AM        lo     10.00     10.00      0.86      0.86      0.00      0.00      0.00      0.00
02:03:02 AM      eno1    143.00      4.00      8.60      0.64      0.00      0.00     91.00      0.00
02:03:02 AM    eno1d1 260033.00 323212.00  46827.85 254291.96      0.00      0.00      1.00     20.83

02:03:02 AM     IFACE   rxpck/s   txpck/s    rxkB/s    txkB/s   rxcmp/s   txcmp/s  rxmcst/s   %ifutil
02:03:03 AM        lo     10.00     10.00      0.86      0.86      0.00      0.00      0.00      0.00
02:03:03 AM      eno1    229.00      4.00     13.64      0.64      0.00      0.00    136.00      0.00
02:03:03 AM    eno1d1 255851.00 319352.00  46074.20 251724.77      0.00      0.00      0.00     20.62

02:03:03 AM     IFACE   rxpck/s   txpck/s    rxkB/s    txkB/s   rxcmp/s   txcmp/s  rxmcst/s   %ifutil
02:03:04 AM        lo     10.00     10.00      0.86      0.86      0.00      0.00      0.00      0.00
02:03:04 AM      eno1    139.00      5.00      8.38      0.72      0.00      0.00    120.00      0.00
02:03:04 AM    eno1d1 240196.00 298362.00  43128.94 234624.36      0.00      0.00      1.00     19.22

02:03:04 AM     IFACE   rxpck/s   txpck/s    rxkB/s    txkB/s   rxcmp/s   txcmp/s  rxmcst/s   %ifutil
02:03:05 AM        lo     15.00     15.00      1.25      1.25      0.00      0.00      0.00      0.00
02:03:05 AM      eno1    127.00      8.00      7.93      0.99      0.00      0.00    331.00      0.00
02:03:05 AM    eno1d1 254761.00 317700.00  45982.23 251615.98      0.00      0.00      0.00     20.61

02:03:05 AM     IFACE   rxpck/s   txpck/s    rxkB/s    txkB/s   rxcmp/s   txcmp/s  rxmcst/s   %ifutil
02:03:06 AM        lo     22.00     22.00      1.99      1.99      0.00      0.00      0.00      0.00
02:03:06 AM      eno1    184.00      9.00     11.27      1.51      0.00      0.00    631.00      0.00
02:03:06 AM    eno1d1 253863.00 317196.00  45727.11 250703.68      0.00      0.00      1.00     20.54

02:03:06 AM     IFACE   rxpck/s   txpck/s    rxkB/s    txkB/s   rxcmp/s   txcmp/s  rxmcst/s   %ifutil
02:03:07 AM        lo     10.00     10.00      0.86      0.86      0.00      0.00      0.00      0.00
02:03:07 AM      eno1    132.00     11.00      9.25      2.80      0.00      0.00    476.00      0.00
02:03:07 AM    eno1d1 253183.00 316795.00  45443.92 249950.29      0.00      0.00      0.00     20.48

02:03:07 AM     IFACE   rxpck/s   txpck/s    rxkB/s    txkB/s   rxcmp/s   txcmp/s  rxmcst/s   %ifutil
02:03:08 AM        lo     10.00     10.00      0.87      0.87      0.00      0.00      0.00      0.00
02:03:08 AM      eno1    184.00     12.00     11.23      1.50      0.00      0.00    741.00      0.00
02:03:08 AM    eno1d1 254419.00 317943.00  45811.27 251786.54      0.00      0.00      0.00     20.63

02:03:08 AM     IFACE   rxpck/s   txpck/s    rxkB/s    txkB/s   rxcmp/s   txcmp/s  rxmcst/s   %ifutil
02:03:09 AM        lo     10.00     10.00      0.86      0.86      0.00      0.00      0.00      0.00
02:03:09 AM      eno1    191.00      6.00     11.68      0.76      0.00      0.00    889.00      0.00
02:03:09 AM    eno1d1 249204.00 312672.00  44853.02 247403.49      0.00      0.00      1.00     20.27

02:03:09 AM     IFACE   rxpck/s   txpck/s    rxkB/s    txkB/s   rxcmp/s   txcmp/s  rxmcst/s   %ifutil
02:03:10 AM        lo     15.00     15.00      1.25      1.25      0.00      0.00      0.00      0.00
02:03:10 AM      eno1    296.00      6.00     17.75      0.85      0.00      0.00    699.00      0.00
02:03:10 AM    eno1d1 252124.00 315504.00  45388.26 249769.54      0.00      0.00      0.00     20.46

02:03:10 AM     IFACE   rxpck/s   txpck/s    rxkB/s    txkB/s   rxcmp/s   txcmp/s  rxmcst/s   %ifutil
02:03:11 AM        lo     22.00     22.00      1.99      1.99      0.00      0.00      0.00      0.00
02:03:11 AM      eno1    276.00     11.00     16.65      1.64      0.00      0.00    589.00      0.00
02:03:11 AM    eno1d1 242829.00 303399.00  43603.24 240451.03      0.00      0.00      1.00     19.70

02:03:11 AM     IFACE   rxpck/s   txpck/s    rxkB/s    txkB/s   rxcmp/s   txcmp/s  rxmcst/s   %ifutil
02:03:12 AM        lo     30.00     30.00      3.08      3.08      0.00      0.00      0.00      0.00
02:03:12 AM      eno1    253.00     36.00     20.79      5.04      0.00      0.00    705.00      0.00
02:03:12 AM    eno1d1 248554.00 311277.00  44683.64 246869.70      0.00      0.00      0.00     20.22

02:03:12 AM     IFACE   rxpck/s   txpck/s    rxkB/s    txkB/s   rxcmp/s   txcmp/s  rxmcst/s   %ifutil
02:03:13 AM        lo     57.00     57.00     11.37     11.37      0.00      0.00      0.00      0.00
02:03:13 AM      eno1    213.00     20.00     15.17      4.68      0.00      0.00    974.00      0.00
02:03:13 AM    eno1d1 181244.00 225118.00  32327.95 178502.16      0.00      0.00      1.00     14.62

02:03:13 AM     IFACE   rxpck/s   txpck/s    rxkB/s    txkB/s   rxcmp/s   txcmp/s  rxmcst/s   %ifutil
02:03:14 AM        lo     66.00     66.00     10.52     10.52      0.00      0.00      0.00      0.00
02:03:14 AM      eno1    112.00     34.00      8.86      6.50      0.00      0.00    477.00      0.00
02:03:14 AM    eno1d1     29.00     35.00      9.66      8.71      0.00      0.00      0.00      0.00

Average:        IFACE   rxpck/s   txpck/s    rxkB/s    txkB/s   rxcmp/s   txcmp/s  rxmcst/s   %ifutil
Average:           lo     18.13     18.13      1.98      1.98      0.00      0.00      0.00      0.00
Average:         eno1    184.51     10.13     11.68      1.64      0.00      0.00    231.39      0.00
Average:       eno1d1 242012.90 298430.12  43710.58 231938.87      0.00      0.00      0.50     19.00
