hosts [node0:8080 node1:8080]
theta 0.99
workload YCSB-B
secs 30
Client 5 finished operations.
Client 15 finished operations.
Client 17 finished operations.
Client 29 finished operations.
Client 2 finished operations.
Client 20 finished operations.
Client 23 finished operations.
Client 27 finished operations.
Client 12 finished operations.
Client 21 finished operations.
Client 28 finished operations.
Client 4 finished operations.
Client 1 finished operations.
Client 9 finished operations.
Client 31 finished operations.
Client 6 finished operations.
Client 11 finished operations.
Client 14 finished operations.
Client 7 finished operations.
Client 25 finished operations.
Client 0 finished operations.
Client 13 finished operations.
Client 3 finished operations.
Client 19 finished operations.
Client 26 finished operations.
Client 30 finished operations.
Client 10 finished operations.
Client 18 finished operations.
Client 22 finished operations.
Client 16 finished operations.
Client 8 finished operations.
Client 24 finished operations.
throughput 182126.42 ops/s
